<?xml version="1.0" encoding="UTF-8"?>
<testng-results ignored="0" total="1" passed="1" failed="0" skipped="0">
  <reporter-output>
  </reporter-output>
  <suite started-at="2022-05-13T16:16:19 IST" name="Default suite" finished-at="2022-05-13T16:16:57 IST" duration-ms="37273">
    <groups>
    </groups>
    <test started-at="2022-05-13T16:16:19 IST" name="Default test" finished-at="2022-05-13T16:16:57 IST" duration-ms="37273">
      <class name="com.resonance.regression.HomePageTests">
        <test-method is-config="true" signature="setUp()[pri:0, instance:com.resonance.regression.HomePageTests@c33b74f]" started-at="2022-05-13T16:16:19 IST" name="setUp" finished-at="2022-05-13T16:16:53 IST" duration-ms="33554" status="PASS">
          <reporter-output>
          </reporter-output>
        </test-method> <!-- setUp -->
        <test-method signature="confirmationAlertOpen()[pri:0, instance:com.resonance.regression.HomePageTests@c33b74f]" started-at="2022-05-13T16:16:53 IST" name="confirmationAlertOpen" finished-at="2022-05-13T16:16:57 IST" duration-ms="3649" status="PASS">
          <reporter-output>
          </reporter-output>
        </test-method> <!-- confirmationAlertOpen -->
        <test-method is-config="true" signature="tearDown()[pri:0, instance:com.resonance.regression.HomePageTests@c33b74f]" started-at="2022-05-13T16:16:57 IST" name="tearDown" finished-at="2022-05-13T16:16:57 IST" duration-ms="1" status="PASS">
          <reporter-output>
          </reporter-output>
        </test-method> <!-- tearDown -->
      </class> <!-- com.resonance.regression.HomePageTests -->
    </test> <!-- Default test -->
  </suite> <!-- Default suite -->
</testng-results>
